Determining if the CL_VERSION_2_2 exist failed with the following output:
Change Dir: /content/sample_data/LightGBM/build/CMakeFiles/CMakeTmp

Run Build Command:"/usr/bin/make" "cmTC_492f1/fast"
/usr/bin/make -f CMakeFiles/cmTC_492f1.dir/build.make CMakeFiles/cmTC_492f1.dir/build
make[1]: Entering directory '/content/sample_data/LightGBM/build/CMakeFiles/CMakeTmp'
Building C object CMakeFiles/cmTC_492f1.dir/CheckSymbolExists.c.o
/usr/bin/cc  -I/usr/local/cuda/include   -o CMakeFiles/cmTC_492f1.dir/CheckSymbolExists.c.o   -c /content/sample_data/LightGBM/build/CMakeFiles/CMakeTmp/CheckSymbolExists.c
/content/sample_data/LightGBM/build/CMakeFiles/CMakeTmp/CheckSymbolExists.c: In function ‘main’:
/content/sample_data/LightGBM/build/CMakeFiles/CMakeTmp/CheckSymbolExists.c:8:19: error: ‘CL_VERSION_2_2’ undeclared (first use in this function); did you mean ‘CL_VERSION_1_2’?
   return ((int*)(&CL_VERSION_2_2))[argc];
                   ^~~~~~~~~~~~~~
                   CL_VERSION_1_2
/content/sample_data/LightGBM/build/CMakeFiles/CMakeTmp/CheckSymbolExists.c:8:19: note: each undeclared identifier is reported only once for each function it appears in
CMakeFiles/cmTC_492f1.dir/build.make:65: recipe for target 'CMakeFiles/cmTC_492f1.dir/CheckSymbolExists.c.o' failed
make[1]: *** [CMakeFiles/cmTC_492f1.dir/CheckSymbolExists.c.o] Error 1
make[1]: Leaving directory '/content/sample_data/LightGBM/build/CMakeFiles/CMakeTmp'
Makefile:121: recipe for target 'cmTC_492f1/fast' failed
make: *** [cmTC_492f1/fast] Error 2

File /content/sample_data/LightGBM/build/CMakeFiles/CMakeTmp/CheckSymbolExists.c:
/* */
#include </usr/local/cuda/include/CL/cl.h>

int main(int argc, char** argv)
{
  (void)argv;
#ifndef CL_VERSION_2_2
  return ((int*)(&CL_VERSION_2_2))[argc];
#else
  (void)argc;
  return 0;
#endif
}

Determining if the CL_VERSION_2_1 exist failed with the following output:
Change Dir: /content/sample_data/LightGBM/build/CMakeFiles/CMakeTmp

Run Build Command:"/usr/bin/make" "cmTC_b2fd7/fast"
/usr/bin/make -f CMakeFiles/cmTC_b2fd7.dir/build.make CMakeFiles/cmTC_b2fd7.dir/build
make[1]: Entering directory '/content/sample_data/LightGBM/build/CMakeFiles/CMakeTmp'
Building C object CMakeFiles/cmTC_b2fd7.dir/CheckSymbolExists.c.o
/usr/bin/cc  -I/usr/local/cuda/include   -o CMakeFiles/cmTC_b2fd7.dir/CheckSymbolExists.c.o   -c /content/sample_data/LightGBM/build/CMakeFiles/CMakeTmp/CheckSymbolExists.c
/content/sample_data/LightGBM/build/CMakeFiles/CMakeTmp/CheckSymbolExists.c: In function ‘main’:
/content/sample_data/LightGBM/build/CMakeFiles/CMakeTmp/CheckSymbolExists.c:8:19: error: ‘CL_VERSION_2_1’ undeclared (first use in this function); did you mean ‘CL_VERSION_1_1’?
   return ((int*)(&CL_VERSION_2_1))[argc];
                   ^~~~~~~~~~~~~~
                   CL_VERSION_1_1
/content/sample_data/LightGBM/build/CMakeFiles/CMakeTmp/CheckSymbolExists.c:8:19: note: each undeclared identifier is reported only once for each function it appears in
CMakeFiles/cmTC_b2fd7.dir/build.make:65: recipe for target 'CMakeFiles/cmTC_b2fd7.dir/CheckSymbolExists.c.o' failed
make[1]: *** [CMakeFiles/cmTC_b2fd7.dir/CheckSymbolExists.c.o] Error 1
make[1]: Leaving directory '/content/sample_data/LightGBM/build/CMakeFiles/CMakeTmp'
Makefile:121: recipe for target 'cmTC_b2fd7/fast' failed
make: *** [cmTC_b2fd7/fast] Error 2

File /content/sample_data/LightGBM/build/CMakeFiles/CMakeTmp/CheckSymbolExists.c:
/* */
#include </usr/local/cuda/include/CL/cl.h>

int main(int argc, char** argv)
{
  (void)argv;
#ifndef CL_VERSION_2_1
  return ((int*)(&CL_VERSION_2_1))[argc];
#else
  (void)argc;
  return 0;
#endif
}

Determining if the CL_VERSION_2_0 exist failed with the following output:
Change Dir: /content/sample_data/LightGBM/build/CMakeFiles/CMakeTmp

Run Build Command:"/usr/bin/make" "cmTC_124a8/fast"
/usr/bin/make -f CMakeFiles/cmTC_124a8.dir/build.make CMakeFiles/cmTC_124a8.dir/build
make[1]: Entering directory '/content/sample_data/LightGBM/build/CMakeFiles/CMakeTmp'
Building C object CMakeFiles/cmTC_124a8.dir/CheckSymbolExists.c.o
/usr/bin/cc  -I/usr/local/cuda/include   -o CMakeFiles/cmTC_124a8.dir/CheckSymbolExists.c.o   -c /content/sample_data/LightGBM/build/CMakeFiles/CMakeTmp/CheckSymbolExists.c
/content/sample_data/LightGBM/build/CMakeFiles/CMakeTmp/CheckSymbolExists.c: In function ‘main’:
/content/sample_data/LightGBM/build/CMakeFiles/CMakeTmp/CheckSymbolExists.c:8:19: error: ‘CL_VERSION_2_0’ undeclared (first use in this function); did you mean ‘CL_VERSION_1_0’?
   return ((int*)(&CL_VERSION_2_0))[argc];
                   ^~~~~~~~~~~~~~
                   CL_VERSION_1_0
/content/sample_data/LightGBM/build/CMakeFiles/CMakeTmp/CheckSymbolExists.c:8:19: note: each undeclared identifier is reported only once for each function it appears in
CMakeFiles/cmTC_124a8.dir/build.make:65: recipe for target 'CMakeFiles/cmTC_124a8.dir/CheckSymbolExists.c.o' failed
make[1]: *** [CMakeFiles/cmTC_124a8.dir/CheckSymbolExists.c.o] Error 1
make[1]: Leaving directory '/content/sample_data/LightGBM/build/CMakeFiles/CMakeTmp'
Makefile:121: recipe for target 'cmTC_124a8/fast' failed
make: *** [cmTC_124a8/fast] Error 2

File /content/sample_data/LightGBM/build/CMakeFiles/CMakeTmp/CheckSymbolExists.c:
/* */
#include </usr/local/cuda/include/CL/cl.h>

int main(int argc, char** argv)
{
  (void)argv;
#ifndef CL_VERSION_2_0
  return ((int*)(&CL_VERSION_2_0))[argc];
#else
  (void)argc;
  return 0;
#endif
}

